GC Precious Log:
 CPUs: 4 total, 4 available
 Memory: 8063M
 Large Page Support: Disabled
 NUMA Support: Disabled
 Compressed Oops: Enabled (32-bit)
 Heap Region Size: 1M
 Heap Min Capacity: 8M
 Heap Initial Capacity: 126M
 Heap Max Capacity: 2016M
 Pre-touch: Disabled
 Parallel Workers: 4
 Concurrent Workers: 1
 Concurrent Refinement Workers: 4
 Periodic GC: Disabled
Heap:
 garbage-first heap   total 68608K, used 44542K [0x0000000082000000, 0x0000000100000000)
  region size 1024K, 27 young (27648K), 4 survivors (4096K)
 Metaspace       used 46477K, committed 46976K, reserved 1114112K
  class space    used 5804K, committed 6080K, reserved 1048576K
GC Heap History (20 events):
Event: 0.382 GC heap before
{Heap before GC invocations=0 (full 0):
 garbage-first heap   total 129024K, used 12288K [0x0000000082000000, 0x0000000100000000)
  region size 1024K, 13 young (13312K), 0 survivors (0K)
 Metaspace       used 3737K, committed 3968K, reserved 1114112K
  class space    used 389K, committed 512K, reserved 1048576K
}
Event: 0.387 GC heap after
{Heap after GC invocations=1 (full 0):
 garbage-first heap   total 129024K, used 4910K [0x0000000082000000, 0x0000000100000000)
  region size 1024K, 2 young (2048K), 2 survivors (2048K)
 Metaspace       used 3737K, committed 3968K, reserved 1114112K
  class space    used 389K, committed 512K, reserved 1048576K
}
Event: 0.658 GC heap before
{Heap before GC invocations=1 (full 0):
 garbage-first heap   total 129024K, used 17198K [0x0000000082000000, 0x0000000100000000)
  region size 1024K, 14 young (14336K), 2 survivors (2048K)
 Metaspace       used 7228K, committed 7424K, reserved 1114112K
  class space    used 879K, committed 960K, reserved 1048576K
}
Event: 0.661 GC heap after
{Heap after GC invocations=2 (full 0):
 garbage-first heap   total 129024K, used 6113K [0x0000000082000000, 0x0000000100000000)
  region size 1024K, 2 young (2048K), 2 survivors (2048K)
 Metaspace       used 7228K, committed 7424K, reserved 1114112K
  class space    used 879K, committed 960K, reserved 1048576K
}
Event: 0.995 GC heap before
{Heap before GC invocations=2 (full 0):
 garbage-first heap   total 129024K, used 31713K [0x0000000082000000, 0x0000000100000000)
  region size 1024K, 27 young (27648K), 2 survivors (2048K)
 Metaspace       used 13169K, committed 13440K, reserved 1114112K
  class space    used 1792K, committed 1920K, reserved 1048576K
}
Event: 0.999 GC heap after
{Heap after GC invocations=3 (full 0):
 garbage-first heap   total 129024K, used 7764K [0x0000000082000000, 0x0000000100000000)
  region size 1024K, 3 young (3072K), 3 survivors (3072K)
 Metaspace       used 13169K, committed 13440K, reserved 1114112K
  class space    used 1792K, committed 1920K, reserved 1048576K
}
Event: 1.548 GC heap before
{Heap before GC invocations=3 (full 0):
 garbage-first heap   total 129024K, used 48724K [0x0000000082000000, 0x0000000100000000)
  region size 1024K, 44 young (45056K), 3 survivors (3072K)
 Metaspace       used 21236K, committed 21504K, reserved 1114112K
  class space    used 2742K, committed 2880K, reserved 1048576K
}
Event: 1.555 GC heap after
{Heap after GC invocations=4 (full 0):
 garbage-first heap   total 129024K, used 12082K [0x0000000082000000, 0x0000000100000000)
  region size 1024K, 7 young (7168K), 7 survivors (7168K)
 Metaspace       used 21236K, committed 21504K, reserved 1114112K
  class space    used 2742K, committed 2880K, reserved 1048576K
}
Event: 1.992 GC heap before
{Heap before GC invocations=5 (full 0):
 garbage-first heap   total 45056K, used 31538K [0x0000000082000000, 0x0000000100000000)
  region size 1024K, 26 young (26624K), 7 survivors (7168K)
 Metaspace       used 24256K, committed 24640K, reserved 1114112K
  class space    used 3150K, committed 3328K, reserved 1048576K
}
Event: 2.003 GC heap after
{Heap after GC invocations=6 (full 0):
 garbage-first heap   total 45056K, used 13355K [0x0000000082000000, 0x0000000100000000)
  region size 1024K, 2 young (2048K), 2 survivors (2048K)
 Metaspace       used 24256K, committed 24640K, reserved 1114112K
  class space    used 3150K, committed 3328K, reserved 1048576K
}
Event: 2.024 GC heap before
{Heap before GC invocations=6 (full 0):
 garbage-first heap   total 45056K, used 14379K [0x0000000082000000, 0x0000000100000000)
  region size 1024K, 3 young (3072K), 2 survivors (2048K)
 Metaspace       used 24418K, committed 24768K, reserved 1114112K
  class space    used 3165K, committed 3328K, reserved 1048576K
}
Event: 2.028 GC heap after
{Heap after GC invocations=7 (full 0):
 garbage-first heap   total 45056K, used 13717K [0x0000000082000000, 0x0000000100000000)
  region size 1024K, 1 young (1024K), 1 survivors (1024K)
 Metaspace       used 24418K, committed 24768K, reserved 1114112K
  class space    used 3165K, committed 3328K, reserved 1048576K
}
Event: 2.393 GC heap before
{Heap before GC invocations=7 (full 0):
 garbage-first heap   total 45056K, used 31125K [0x0000000082000000, 0x0000000100000000)
  region size 1024K, 18 young (18432K), 1 survivors (1024K)
 Metaspace       used 28206K, committed 28608K, reserved 1114112K
  class space    used 3667K, committed 3840K, reserved 1048576K
}
Event: 2.399 GC heap after
{Heap after GC invocations=8 (full 0):
 garbage-first heap   total 68608K, used 15238K [0x0000000082000000, 0x0000000100000000)
  region size 1024K, 2 young (2048K), 2 survivors (2048K)
 Metaspace       used 28206K, committed 28608K, reserved 1114112K
  class space    used 3667K, committed 3840K, reserved 1048576K
}
Event: 3.061 GC heap before
{Heap before GC invocations=8 (full 0):
 garbage-first heap   total 68608K, used 48006K [0x0000000082000000, 0x0000000100000000)
  region size 1024K, 34 young (34816K), 2 survivors (2048K)
 Metaspace       used 33318K, committed 33728K, reserved 1114112K
  class space    used 4306K, committed 4480K, reserved 1048576K
}
Event: 3.067 GC heap after
{Heap after GC invocations=9 (full 0):
 garbage-first heap   total 68608K, used 18302K [0x0000000082000000, 0x0000000100000000)
  region size 1024K, 5 young (5120K), 5 survivors (5120K)
 Metaspace       used 33318K, committed 33728K, reserved 1114112K
  class space    used 4306K, committed 4480K, reserved 1048576K
}
Event: 16.209 GC heap before
{Heap before GC invocations=9 (full 0):
 garbage-first heap   total 68608K, used 28542K [0x0000000082000000, 0x0000000100000000)
  region size 1024K, 16 young (16384K), 5 survivors (5120K)
 Metaspace       used 35550K, committed 35968K, reserved 1114112K
  class space    used 4599K, committed 4800K, reserved 1048576K
}
Event: 16.214 GC heap after
{Heap after GC invocations=10 (full 0):
 garbage-first heap   total 68608K, used 19149K [0x0000000082000000, 0x0000000100000000)
  region size 1024K, 2 young (2048K), 2 survivors (2048K)
 Metaspace       used 35550K, committed 35968K, reserved 1114112K
  class space    used 4599K, committed 4800K, reserved 1048576K
}
Event: 3587.335 GC heap before
{Heap before GC invocations=11 (full 0):
 garbage-first heap   total 68608K, used 50893K [0x0000000082000000, 0x0000000100000000)
  region size 1024K, 33 young (33792K), 2 survivors (2048K)
 Metaspace       used 45847K, committed 46336K, reserved 1114112K
  class space    used 5794K, committed 6016K, reserved 1048576K
}
Event: 3587.366 GC heap after
{Heap after GC invocations=12 (full 0):
 garbage-first heap   total 68608K, used 22014K [0x0000000082000000, 0x0000000100000000)
  region size 1024K, 4 young (4096K), 4 survivors (4096K)
 Metaspace       used 45847K, committed 46336K, reserved 1114112K
  class space    used 5794K, committed 6016K, reserved 1048576K
}

